[INFO] 

------ Traitement de : Adisa 2024 ------
[INFO] [INFO] Texte extrait pour Adisa 2024
[INFO] [INFO] → Catégorie : Informations générales
[INFO] [INFO] → Catégorie : Intervention pharmaceutique
[INFO] [INFO] → Catégorie : Limites
[INFO] [INFO] → Catégorie : Méthodologie
[INFO] [INFO] → Catégorie : Paramètres
[INFO] Résultats ajoutés dans l'Excel pour Adisa 2024
[INFO] 

------ Traitement de : Benny 2024 ------
[INFO] [INFO] Texte extrait pour Benny 2024
[INFO] [INFO] → Catégorie : Informations générales
[INFO] [INFO] → Catégorie : Intervention pharmaceutique
[INFO] [INFO] → Catégorie : Limites
[INFO] [INFO] → Catégorie : Méthodologie
[INFO] [INFO] → Catégorie : Paramètres
[INFO] Résultats ajoutés dans l'Excel pour Benny 2024
[INFO] 

------ Traitement de : Abou 2025 ------
[INFO] [INFO] Texte extrait pour Abou 2025
[INFO] [INFO] → Catégorie : Informations générales
[INFO] [INFO] → Catégorie : Intervention pharmaceutique
[INFO] [INFO] → Catégorie : Limites
[INFO] [INFO] → Catégorie : Méthodologie
[INFO] [INFO] → Catégorie : Paramètres
[INFO] Résultats ajoutés dans l'Excel pour Abou 2025
[SUCESS] 
Tous les fichiers ont été traités.
[INFO] Texte extrait du pdf
[INFO] Catégorie : Informations générales
[INFO] Catégorie : Intervention pharmaceutique
[INFO] Catégorie : Limites
[INFO] Catégorie : Méthodologie
[INFO] Catégorie : Paramètres
[INFO] Résultats ajoutés dans l'Excel pour Adisa 2024
[INFO] Texte extrait du pdf
[INFO] Catégorie : Informations générales
[INFO] Catégorie : Intervention pharmaceutique
[INFO] Catégorie : Limites
[INFO] Catégorie : Méthodologie
[INFO] Catégorie : Paramètres
[INFO] Résultats ajoutés dans l'Excel pour Benny 2024
[INFO] Texte extrait du pdf
[INFO] Catégorie : Informations générales
[INFO] Catégorie : Intervention pharmaceutique
